<?xml version="1.0" encoding="UTF-8"?>
<!-- Generated by org.testng.reporters.JUnitReportReporter -->
<testsuite hostname="Lenovo" failures="0" tests="1" name="day4.TestNGExercise3" time="0.026" errors="0" timestamp="02 Mar 2022 09:17:15 GMT" skipped="0">
  <testcase classname="day4.TestNGExercise3" name="f" time="0.026"/>
</testsuite> <!-- day4.TestNGExercise3 -->
