<?xml version="1.0" encoding="UTF-8"?>
<!-- Generated by org.testng.reporters.JUnitReportReporter -->
<testsuite hostname="Lenovo" failures="0" tests="1" name="day6.ExtentReportTest" time="23.398" errors="0" timestamp="2022-03-03T18:33:19 IST" skipped="0">
  <testcase classname="day6.ExtentReportTest" name="LoginTC" time="23.398"/>
  <system-out/>
</testsuite> <!-- day6.ExtentReportTest -->
