<?xml version="1.0" encoding="UTF-8"?>
<!-- Generated by org.testng.reporters.JUnitReportReporter -->
<testsuite hostname="Lenovo" failures="0" tests="2" name="day6.test.RegisterTest" time="7.077" errors="0" timestamp="2022-03-03T16:28:27 IST" skipped="1">
  <testcase classname="day6.test.RegisterTest" name="Login" time="7.077"/>
  <system-out/>
  <testcase classname="day6.test.RegisterTest" name="RegisterTest1">
    <skipped/>
  </testcase> <!-- RegisterTest1 -->
  <system-out/>
</testsuite> <!-- day6.test.RegisterTest -->
