<?xml version="1.0" encoding="UTF-8"?>
<!-- Generated by org.testng.reporters.JUnitReportReporter -->
<testsuite hostname="Lenovo" failures="0" tests="2" name="day4.TestNGExercise1" time="0.009" errors="0" timestamp="02 Mar 2022 09:19:00 GMT" skipped="0">
  <testcase classname="day4.TestNGExercise1" name="Testcase2" time="0.002"/>
  <testcase classname="day4.TestNGExercise1" name="Testcase1" time="0.007"/>
</testsuite> <!-- day4.TestNGExercise1 -->
