<?xml version="1.0" encoding="UTF-8"?>
<!-- Generated by org.testng.reporters.JUnitReportReporter -->
<testsuite hostname="Lenovo" failures="0" tests="2" name="day4.TestNGexercise2" time="5.444" errors="0" timestamp="02 Mar 2022 09:19:00 GMT" skipped="1">
  <testcase classname="day4.TestNGexercise2" name="login" time="5.444"/>
  <testcase classname="day4.TestNGexercise2" name="Flights">
    <skipped/>
  </testcase> <!-- Flights -->
</testsuite> <!-- day4.TestNGexercise2 -->
