<?xml version="1.0" encoding="UTF-8"?>
<!-- Generated by org.testng.reporters.JUnitReportReporter -->
<testsuite hostname="Lenovo" failures="0" tests="1" name="day4.NewTest" time="0.014" errors="0" timestamp="02 Mar 2022 07:06:45 GMT" skipped="0">
  <testcase classname="day4.NewTest" name="f" time="0.014"/>
</testsuite> <!-- day4.NewTest -->
