<?xml version="1.0" encoding="UTF-8"?>
<!-- Generated by org.testng.reporters.JUnitReportReporter -->
<testsuite hostname="Lenovo" failures="0" tests="4" name="day4.TestNGExercise4" time="57.759" errors="0" timestamp="02 Mar 2022 10:44:24 GMT" skipped="0">
  <testcase classname="day4.TestNGExercise4" name="f" time="13.564"/>
  <testcase classname="day4.TestNGExercise4" name="f" time="13.154"/>
  <testcase classname="day4.TestNGExercise4" name="f" time="12.444"/>
  <testcase classname="day4.TestNGExercise4" name="f" time="18.597"/>
</testsuite> <!-- day4.TestNGExercise4 -->
